<?xml version="1.0" encoding="UTF-8"?>
<!-- Generated by org.testng.reporters.JUnitXMLReporter -->
<testsuite hostname="Arpit-PC" name="Default test" tests="4" failures="0" timestamp="28 Jun 2019 21:53:57 GMT" time="38.038" errors="0">
  <testcase name="initBrowser" time="4.059" classname="com.acti.TestCases.TC01_LoginPage"/>
  <testcase name="testLoginPageTitle" time="2.38" classname="com.acti.TestCases.TC01_LoginPage"/>
  <testcase name="testActiTimeLogo" time="2.829" classname="com.acti.TestCases.TC01_LoginPage"/>
  <testcase name="TestLoginFunctionality" time="2.681" classname="com.acti.TestCases.TC01_LoginPage"/>
</testsuite> <!-- Default test -->
