<?xml version="1.0" encoding="UTF-8"?>
<!-- Generated by org.testng.reporters.JUnitXMLReporter -->
<testsuite hostname="Arpit-PC" name="Test" tests="5" failures="0" timestamp="1 Jul 2019 20:44:37 GMT" time="104.828" errors="0">
  <testcase name="initBrowser" time="7.483" classname="com.acti.TestCases.PreTest"/>
  <testcase name="initBrowser" time="9.738" classname="com.acti.TestCases.TC01_LoginPage"/>
  <testcase name="testLoginPageTitle" time="16.812" classname="com.acti.TestCases.TC01_LoginPage"/>
  <testcase name="testActiTimeLogo" time="2.502" classname="com.acti.TestCases.TC01_LoginPage"/>
  <testcase name="TestLoginFunctionality" time="3.343" classname="com.acti.TestCases.TC01_LoginPage"/>
</testsuite> <!-- Test -->
