<?xml version="1.0" encoding="UTF-8"?>
<!-- Generated by org.testng.reporters.JUnitXMLReporter -->
<testsuite hostname="Arpit-PC" name="Test" tests="5" failures="0" timestamp="1 Jul 2019 20:06:51 GMT" time="91.345" errors="0">
  <testcase name="initBrowser" time="12.67" classname="com.acti.TestCases.PreTest"/>
  <testcase name="initBrowser" time="11.587" classname="com.acti.TestCases.TC01_LoginPage"/>
  <testcase name="testLoginPageTitle" time="5.069" classname="com.acti.TestCases.TC01_LoginPage"/>
  <testcase name="testActiTimeLogo" time="4.933" classname="com.acti.TestCases.TC01_LoginPage"/>
  <testcase name="TestLoginFunctionality" time="2.987" classname="com.acti.TestCases.TC01_LoginPage"/>
</testsuite> <!-- Test -->
