<?xml version="1.0" encoding="UTF-8"?>
<testng-results skipped="0" failed="0" total="5" passed="5">
  <reporter-output>
  </reporter-output>
  <suite name="Suite" duration-ms="104828" started-at="2019-07-01T20:42:52Z" finished-at="2019-07-01T20:44:37Z">
    <groups>
    </groups>
    <test name="Test" duration-ms="104828" started-at="2019-07-01T20:42:52Z" finished-at="2019-07-01T20:44:37Z">
      <class name="com.acti.TestCases.TC01_LoginPage">
        <test-method status="PASS" signature="preCondition()[pri:0, instance:com.acti.TestCases.TC01_LoginPage@5a99da]" name="preCondition" is-config="true" duration-ms="6314" started-at="2019-07-01T16:43:37Z" finished-at="2019-07-01T16:43:43Z">
          <reporter-output>
          </reporter-output>
        </test-method> <!-- preCondition -->
        <test-method status="PASS" signature="initBrowser()[pri:0, instance:com.acti.TestCases.TC01_LoginPage@5a99da]" name="initBrowser" duration-ms="9738" started-at="2019-07-01T16:43:43Z" finished-at="2019-07-01T16:43:53Z">
          <reporter-output>
          </reporter-output>
        </test-method> <!-- initBrowser -->
        <test-method status="PASS" signature="tearDown()[pri:0, instance:com.acti.TestCases.TC01_LoginPage@5a99da]" name="tearDown" is-config="true" duration-ms="2346" started-at="2019-07-01T16:43:53Z" finished-at="2019-07-01T16:43:56Z">
          <reporter-output>
          </reporter-output>
        </test-method> <!-- tearDown -->
        <test-method status="PASS" signature="preCondition()[pri:0, instance:com.acti.TestCases.TC01_LoginPage@5a99da]" name="preCondition" is-config="true" duration-ms="7249" started-at="2019-07-01T16:43:56Z" finished-at="2019-07-01T16:44:03Z">
          <reporter-output>
          </reporter-output>
        </test-method> <!-- preCondition -->
        <test-method status="PASS" signature="testLoginPageTitle()[pri:0, instance:com.acti.TestCases.TC01_LoginPage@5a99da]" name="testLoginPageTitle" duration-ms="16812" started-at="2019-07-01T16:44:03Z" finished-at="2019-07-01T16:44:20Z">
          <reporter-output>
          </reporter-output>
        </test-method> <!-- testLoginPageTitle -->
        <test-method status="PASS" signature="tearDown()[pri:0, instance:com.acti.TestCases.TC01_LoginPage@5a99da]" name="tearDown" is-config="true" duration-ms="1229" started-at="2019-07-01T16:44:20Z" finished-at="2019-07-01T16:44:21Z">
          <reporter-output>
          </reporter-output>
        </test-method> <!-- tearDown -->
        <test-method status="PASS" signature="preCondition()[pri:0, instance:com.acti.TestCases.TC01_LoginPage@5a99da]" name="preCondition" is-config="true" duration-ms="3633" started-at="2019-07-01T16:44:21Z" finished-at="2019-07-01T16:44:24Z">
          <reporter-output>
          </reporter-output>
        </test-method> <!-- preCondition -->
        <test-method status="PASS" signature="testActiTimeLogo()[pri:0, instance:com.acti.TestCases.TC01_LoginPage@5a99da]" name="testActiTimeLogo" duration-ms="2502" started-at="2019-07-01T16:44:24Z" finished-at="2019-07-01T16:44:27Z">
          <reporter-output>
          </reporter-output>
        </test-method> <!-- testActiTimeLogo -->
        <test-method status="PASS" signature="tearDown()[pri:0, instance:com.acti.TestCases.TC01_LoginPage@5a99da]" name="tearDown" is-config="true" duration-ms="192" started-at="2019-07-01T16:44:27Z" finished-at="2019-07-01T16:44:27Z">
          <reporter-output>
          </reporter-output>
        </test-method> <!-- tearDown -->
        <test-method status="PASS" signature="preCondition()[pri:0, instance:com.acti.TestCases.TC01_LoginPage@5a99da]" name="preCondition" is-config="true" duration-ms="4493" started-at="2019-07-01T16:44:27Z" finished-at="2019-07-01T16:44:32Z">
          <reporter-output>
          </reporter-output>
        </test-method> <!-- preCondition -->
        <test-method status="PASS" signature="TestLoginFunctionality()[pri:0, instance:com.acti.TestCases.TC01_LoginPage@5a99da]" name="TestLoginFunctionality" duration-ms="3343" started-at="2019-07-01T16:44:32Z" finished-at="2019-07-01T16:44:35Z">
          <reporter-output>
          </reporter-output>
        </test-method> <!-- TestLoginFunctionality -->
        <test-method status="PASS" signature="tearDown()[pri:0, instance:com.acti.TestCases.TC01_LoginPage@5a99da]" name="tearDown" is-config="true" duration-ms="2224" started-at="2019-07-01T16:44:35Z" finished-at="2019-07-01T16:44:37Z">
          <reporter-output>
          </reporter-output>
        </test-method> <!-- tearDown -->
      </class> <!-- com.acti.TestCases.TC01_LoginPage -->
      <class name="com.acti.TestCases.PreTest">
        <test-method status="PASS" signature="preCondition()[pri:0, instance:com.acti.TestCases.PreTest@1a23b66]" name="preCondition" is-config="true" duration-ms="33981" started-at="2019-07-01T16:42:53Z" finished-at="2019-07-01T16:43:26Z">
          <reporter-output>
          </reporter-output>
        </test-method> <!-- preCondition -->
        <test-method status="PASS" signature="initBrowser()[pri:0, instance:com.acti.TestCases.PreTest@1a23b66]" name="initBrowser" duration-ms="7483" started-at="2019-07-01T16:43:26Z" finished-at="2019-07-01T16:43:34Z">
          <reporter-output>
          </reporter-output>
        </test-method> <!-- initBrowser -->
        <test-method status="PASS" signature="tearDown()[pri:0, instance:com.acti.TestCases.PreTest@1a23b66]" name="tearDown" is-config="true" duration-ms="3180" started-at="2019-07-01T16:43:34Z" finished-at="2019-07-01T16:43:37Z">
          <reporter-output>
          </reporter-output>
        </test-method> <!-- tearDown -->
      </class> <!-- com.acti.TestCases.PreTest -->
    </test> <!-- Test -->
  </suite> <!-- Suite -->
</testng-results>
